This is pdfTeX, Version 3.14159265-2.6-1.40.19 (TeX Live 2019/dev/Debian) (preloaded format=pdflatex 2019.6.10)  4 JAN 2020 12:27
entering extended mode
 restricted \write18 enabled.
 file:line:error style messages enabled.
 %&-line parsing enabled.
**rapport.tex
(./rapport.tex
LaTeX2e <2018-12-01>
(/usr/share/texlive/texmf-dist/tex/latex/base/article.cls
Document Class: article 2018/09/03 v1.4i Standard LaTeX document class
(/usr/share/texlive/texmf-dist/tex/latex/base/size10.clo
File: size10.clo 2018/09/03 v1.4i Standard LaTeX file (size option)
)
\c@part=\count80
\c@section=\count81
\c@subsection=\count82
\c@subsubsection=\count83
\c@paragraph=\count84
\c@subparagraph=\count85
\c@figure=\count86
\c@table=\count87
\abovecaptionskip=\skip41
\belowcaptionskip=\skip42
\bibindent=\dimen102
) (/usr/share/texlive/texmf-dist/tex/generic/babel/babel.sty
Package: babel 2018/11/13 3.27 The Babel package
 (/usr/share/texlive/texmf-dist/tex/generic/babel/switch.def
File: switch.def 2018/11/13 3.27 Babel switching mechanism
) (/usr/share/texlive/texmf-dist/tex/generic/babel-french/francais.ldf
Language: francais 2019/01/30 v3.5d French support from the babel system


Package francais.ldf Warning: Option `francais' for Babel is *deprecated*,
(francais.ldf)                it might be removed sooner or later. Please
(francais.ldf)                use `french' instead; reported on input line 31.

(/usr/share/texlive/texmf-dist/tex/generic/babel-french/french.ldf
Language: french 2019/01/30 v3.5d French support from the babel system
 (/usr/share/texlive/texmf-dist/tex/generic/babel/babel.def
File: babel.def 2018/11/13 3.27 Babel common definitions
\babel@savecnt=\count88
\U@D=\dimen103
 (/usr/share/texlive/texmf-dist/tex/generic/babel/txtbabel.def)
\bbl@dirlevel=\count89
)
\l@acadian = a dialect from \language\l@french 
\FB@nonchar=\count90
Package babel Info: Making : an active character on input line 414.
Package babel Info: Making ; an active character on input line 415.
Package babel Info: Making ! an active character on input line 416.
Package babel Info: Making ? an active character on input line 417.
\FBguill@level=\count91
\FBold@everypar=\toks14
\FB@Mht=\dimen104
\mc@charclass=\count92
\mc@charfam=\count93
\mc@charslot=\count94
\std@mcc=\count95
\dec@mcc=\count96
\c@FBcaption@count=\count97
\listindentFB=\dimen105
\descindentFB=\dimen106
\labelindentFB=\dimen107
\labelwidthFB=\dimen108
\leftmarginFB=\dimen109
\parindentFFN=\dimen110
\FBfnindent=\dimen111
))) (/usr/share/texlive/texmf-dist/tex/latex/carlisle/scalefnt.sty) (/usr/share/texlive/texmf-dist/tex/latex/graphics/keyval.sty
Package: keyval 2014/10/28 v1.15 key=value parser (DPC)
\KV@toks@=\toks15
) (/usr/share/texlive/texmf-dist/tex/latex/base/inputenc.sty
Package: inputenc 2018/08/11 v1.3c Input encoding file
\inpenc@prehook=\toks16
\inpenc@posthook=\toks17
) (/usr/share/texlive/texmf-dist/tex/latex/xcolor/xcolor.sty
Package: xcolor 2016/05/11 v2.12 LaTeX color extensions (UK)
 (/usr/share/texlive/texmf-dist/tex/latex/graphics-cfg/color.cfg
File: color.cfg 2016/01/02 v1.6 sample color configuration
)
Package xcolor Info: Driver file: pdftex.def on input line 225.
 (/usr/share/texlive/texmf-dist/tex/latex/graphics-def/pdftex.def
File: pdftex.def 2018/01/08 v1.0l Graphics/color driver for pdftex
)
Package xcolor Info: Model `cmy' substituted by `cmy0' on input line 1348.
Package xcolor Info: Model `hsb' substituted by `rgb' on input line 1352.
Package xcolor Info: Model `RGB' extended on input line 1364.
Package xcolor Info: Model `HTML' substituted by `rgb' on input line 1366.
Package xcolor Info: Model `Hsb' substituted by `hsb' on input line 1367.
Package xcolor Info: Model `tHsb' substituted by `hsb' on input line 1368.
Package xcolor Info: Model `HSB' substituted by `hsb' on input line 1369.
Package xcolor Info: Model `Gray' substituted by `gray' on input line 1370.
Package xcolor Info: Model `wave' substituted by `hsb' on input line 1371.
) (/usr/share/texlive/texmf-dist/tex/latex/graphics/graphicx.sty
Package: graphicx 2017/06/01 v1.1a Enhanced LaTeX Graphics (DPC,SPQR)
 (/usr/share/texlive/texmf-dist/tex/latex/graphics/graphics.sty
Package: graphics 2017/06/25 v1.2c Standard LaTeX Graphics (DPC,SPQR)
 (/usr/share/texlive/texmf-dist/tex/latex/graphics/trig.sty
Package: trig 2016/01/03 v1.10 sin cos tan (DPC)
) (/usr/share/texlive/texmf-dist/tex/latex/graphics-cfg/graphics.cfg
File: graphics.cfg 2016/06/04 v1.11 sample graphics configuration
)
Package graphics Info: Driver file: pdftex.def on input line 99.
)
\Gin@req@height=\dimen112
\Gin@req@width=\dimen113
) (/usr/share/texlive/texmf-dist/tex/latex/listings/listings.sty
\lst@mode=\count98
\lst@gtempboxa=\box27
\lst@token=\toks18
\lst@length=\count99
\lst@currlwidth=\dimen114
\lst@column=\count100
\lst@pos=\count101
\lst@lostspace=\dimen115
\lst@width=\dimen116
\lst@newlines=\count102
\lst@lineno=\count103
\lst@maxwidth=\dimen117
 (/usr/share/texlive/texmf-dist/tex/latex/listings/lstmisc.sty
File: lstmisc.sty 2018/09/02 1.7 (Carsten Heinz)
\c@lstnumber=\count104
\lst@skipnumbers=\count105
\lst@framebox=\box28
) (/usr/share/texlive/texmf-dist/tex/latex/listings/listings.cfg
File: listings.cfg 2018/09/02 1.7 listings configuration
))
Package: listings 2018/09/02 1.7 (Carsten Heinz)
 (/usr/share/texlive/texmf-dist/tex/latex/amsmath/amsmath.sty
Package: amsmath 2018/12/01 v2.17b AMS math features
\@mathmargin=\skip43

For additional information on amsmath, use the `?' option.
(/usr/share/texlive/texmf-dist/tex/latex/amsmath/amstext.sty
Package: amstext 2000/06/29 v2.01 AMS text
 (/usr/share/texlive/texmf-dist/tex/latex/amsmath/amsgen.sty
File: amsgen.sty 1999/11/30 v2.0 generic functions
\@emptytoks=\toks19
\ex@=\dimen118
)) (/usr/share/texlive/texmf-dist/tex/latex/amsmath/amsbsy.sty
Package: amsbsy 1999/11/29 v1.2d Bold Symbols
\pmbraise@=\dimen119
) (/usr/share/texlive/texmf-dist/tex/latex/amsmath/amsopn.sty
Package: amsopn 2016/03/08 v2.02 operator names
)
\inf@bad=\count106
LaTeX Info: Redefining \frac on input line 223.
\uproot@=\count107
\leftroot@=\count108
LaTeX Info: Redefining \overline on input line 385.
\classnum@=\count109
\DOTSCASE@=\count110
LaTeX Info: Redefining \ldots on input line 482.
LaTeX Info: Redefining \dots on input line 485.
LaTeX Info: Redefining \cdots on input line 606.
\Mathstrutbox@=\box29
\strutbox@=\box30
\big@size=\dimen120
LaTeX Font Info:    Redeclaring font encoding OML on input line 729.
LaTeX Font Info:    Redeclaring font encoding OMS on input line 730.
\macc@depth=\count111
\c@MaxMatrixCols=\count112
\dotsspace@=\muskip10
\c@parentequation=\count113
\dspbrk@lvl=\count114
\tag@help=\toks20
\row@=\count115
\column@=\count116
\maxfields@=\count117
\andhelp@=\toks21
\eqnshift@=\dimen121
\alignsep@=\dimen122
\tagshift@=\dimen123
\tagwidth@=\dimen124
\totwidth@=\dimen125
\lineht@=\dimen126
\@envbody=\toks22
\multlinegap=\skip44
\multlinetaggap=\skip45
\mathdisplay@stack=\toks23
LaTeX Info: Redefining \[ on input line 2844.
LaTeX Info: Redefining \] on input line 2845.
) (/usr/share/texlive/texmf-dist/tex/latex/geometry/geometry.sty
Package: geometry 2018/04/16 v5.8 Page Geometry
 (/usr/share/texlive/texmf-dist/tex/generic/oberdiek/ifpdf.sty
Package: ifpdf 2018/09/07 v3.3 Provides the ifpdf switch
) (/usr/share/texlive/texmf-dist/tex/generic/oberdiek/ifvtex.sty
Package: ifvtex 2016/05/16 v1.6 Detect VTeX and its facilities (HO)
Package ifvtex Info: VTeX not detected.
) (/usr/share/texlive/texmf-dist/tex/generic/ifxetex/ifxetex.sty
Package: ifxetex 2010/09/12 v0.6 Provides ifxetex conditional
)
\Gm@cnth=\count118
\Gm@cntv=\count119
\c@Gm@tempcnt=\count120
\Gm@bindingoffset=\dimen127
\Gm@wd@mp=\dimen128
\Gm@odd@mp=\dimen129
\Gm@even@mp=\dimen130
\Gm@layoutwidth=\dimen131
\Gm@layoutheight=\dimen132
\Gm@layouthoffset=\dimen133
\Gm@layoutvoffset=\dimen134
\Gm@dimlist=\toks24
) (/usr/share/texlive/texmf-dist/tex/latex/amsfonts/amsfonts.sty
Package: amsfonts 2013/01/14 v3.01 Basic AMSFonts support
\symAMSa=\mathgroup4
\symAMSb=\mathgroup5
LaTeX Font Info:    Overwriting math alphabet `\mathfrak' in version `bold'
(Font)                  U/euf/m/n --> U/euf/b/n on input line 106.
) (/usr/share/texlive/texmf-dist/tex/latex/fancyhdr/fancyhdr.sty
Package: fancyhdr 2019/01/31 v3.10 Extensive control of page headers and footers
\f@nch@headwidth=\skip46
\f@nch@O@elh=\skip47
\f@nch@O@erh=\skip48
\f@nch@O@olh=\skip49
\f@nch@O@orh=\skip50
\f@nch@O@elf=\skip51
\f@nch@O@erf=\skip52
\f@nch@O@olf=\skip53
\f@nch@O@orf=\skip54
) (/usr/share/texlive/texmf-dist/tex/latex/titling/titling.sty
Package: titling 2009/09/04 v2.1d maketitle typesetting
\thanksmarkwidth=\skip55
\thanksmargin=\skip56
\droptitle=\skip57
) (/usr/share/texlive/texmf-dist/tex/latex/algorithms/algorithm.sty
Package: algorithm 2009/08/24 v0.1 Document Style `algorithm' - floating environment
 (/usr/share/texlive/texmf-dist/tex/latex/float/float.sty
Package: float 2001/11/08 v1.3d Float enhancements (AL)
\c@float@type=\count121
\float@exts=\toks25
\float@box=\box31
\@float@everytoks=\toks26
\@floatcapt=\box32
) (/usr/share/texlive/texmf-dist/tex/latex/base/ifthen.sty
Package: ifthen 2014/09/29 v1.1c Standard LaTeX ifthen package (DPC)
)
\@float@every@algorithm=\toks27
\c@algorithm=\count122
) (/usr/share/texlive/texmf-dist/tex/latex/algorithmicx/algpseudocode.sty
Package: algpseudocode 
 (/usr/share/texlive/texmf-dist/tex/latex/algorithmicx/algorithmicx.sty
Package: algorithmicx 2005/04/27 v1.2 Algorithmicx

Document Style algorithmicx 1.2 - a greatly improved `algorithmic' style
\c@ALG@line=\count123
\c@ALG@rem=\count124
\c@ALG@nested=\count125
\ALG@tlm=\skip58
\ALG@thistlm=\skip59
\c@ALG@Lnr=\count126
\c@ALG@blocknr=\count127
\c@ALG@storecount=\count128
\c@ALG@tmpcounter=\count129
\ALG@tmplength=\skip60
)
Document Style - pseudocode environments for use with the `algorithmicx' style
) (/usr/share/texlive/texmf-dist/tex/latex/hyperref/hyperref.sty
Package: hyperref 2018/11/30 v6.88e Hypertext links for LaTeX
 (/usr/share/texlive/texmf-dist/tex/generic/oberdiek/hobsub-hyperref.sty
Package: hobsub-hyperref 2016/05/16 v1.14 Bundle oberdiek, subset hyperref (HO)
 (/usr/share/texlive/texmf-dist/tex/generic/oberdiek/hobsub-generic.sty
Package: hobsub-generic 2016/05/16 v1.14 Bundle oberdiek, subset generic (HO)
Package: hobsub 2016/05/16 v1.14 Construct package bundles (HO)
Package: infwarerr 2016/05/16 v1.4 Providing info/warning/error messages (HO)
Package: ltxcmds 2016/05/16 v1.23 LaTeX kernel commands for general use (HO)
Package: ifluatex 2016/05/16 v1.4 Provides the ifluatex switch (HO)
Package ifluatex Info: LuaTeX not detected.
Package hobsub Info: Skipping package `ifvtex' (already loaded).
Package: intcalc 2016/05/16 v1.2 Expandable calculations with integers (HO)
Package hobsub Info: Skipping package `ifpdf' (already loaded).
Package: etexcmds 2016/05/16 v1.6 Avoid name clashes with e-TeX commands (HO)
Package: kvsetkeys 2016/05/16 v1.17 Key value parser (HO)
Package: kvdefinekeys 2016/05/16 v1.4 Define keys (HO)
Package: pdftexcmds 2018/09/10 v0.29 Utility functions of pdfTeX for LuaTeX (HO)
Package pdftexcmds Info: LuaTeX not detected.
Package pdftexcmds Info: \pdf@primitive is available.
Package pdftexcmds Info: \pdf@ifprimitive is available.
Package pdftexcmds Info: \pdfdraftmode found.
Package: pdfescape 2016/05/16 v1.14 Implements pdfTeX's escape features (HO)
Package: bigintcalc 2016/05/16 v1.4 Expandable calculations on big integers (HO)
Package: bitset 2016/05/16 v1.2 Handle bit-vector datatype (HO)
Package: uniquecounter 2016/05/16 v1.3 Provide unlimited unique counter (HO)
)
Package hobsub Info: Skipping package `hobsub' (already loaded).
Package: letltxmacro 2016/05/16 v1.5 Let assignment for LaTeX macros (HO)
Package: hopatch 2016/05/16 v1.3 Wrapper for package hooks (HO)
Package: xcolor-patch 2016/05/16 xcolor patch
Package: atveryend 2016/05/16 v1.9 Hooks at the very end of document (HO)
Package atveryend Info: \enddocument detected (standard20110627).
Package: atbegshi 2016/06/09 v1.18 At begin shipout hook (HO)
Package: refcount 2016/05/16 v3.5 Data extraction from label references (HO)
Package: hycolor 2016/05/16 v1.8 Color options for hyperref/bookmark (HO)
) (/usr/share/texlive/texmf-dist/tex/latex/oberdiek/auxhook.sty
Package: auxhook 2016/05/16 v1.4 Hooks for auxiliary files (HO)
) (/usr/share/texlive/texmf-dist/tex/latex/oberdiek/kvoptions.sty
Package: kvoptions 2016/05/16 v3.12 Key value format for package options (HO)
)
\@linkdim=\dimen135
\Hy@linkcounter=\count130
\Hy@pagecounter=\count131
 (/usr/share/texlive/texmf-dist/tex/latex/hyperref/pd1enc.def
File: pd1enc.def 2018/11/30 v6.88e Hyperref: PDFDocEncoding definition (HO)
Now handling font encoding PD1 ...
... no UTF-8 mapping file for font encoding PD1
)
\Hy@SavedSpaceFactor=\count132
 (/usr/share/texlive/texmf-dist/tex/latex/latexconfig/hyperref.cfg
File: hyperref.cfg 2002/06/06 v1.2 hyperref configuration of TeXLive
)
Package hyperref Info: Hyper figures OFF on input line 4519.
Package hyperref Info: Link nesting OFF on input line 4524.
Package hyperref Info: Hyper index ON on input line 4527.
Package hyperref Info: Plain pages OFF on input line 4534.
Package hyperref Info: Backreferencing OFF on input line 4539.
Package hyperref Info: Implicit mode ON; LaTeX internals redefined.
Package hyperref Info: Bookmarks ON on input line 4772.
\c@Hy@tempcnt=\count133
 (/usr/share/texlive/texmf-dist/tex/latex/url/url.sty
\Urlmuskip=\muskip11
Package: url 2013/09/16  ver 3.4  Verb mode for urls, etc.
)
LaTeX Info: Redefining \url on input line 5125.
\XeTeXLinkMargin=\dimen136
\Fld@menulength=\count134
\Field@Width=\dimen137
\Fld@charsize=\dimen138
Package hyperref Info: Hyper figures OFF on input line 6380.
Package hyperref Info: Link nesting OFF on input line 6385.
Package hyperref Info: Hyper index ON on input line 6388.
Package hyperref Info: backreferencing OFF on input line 6395.
Package hyperref Info: Link coloring OFF on input line 6400.
Package hyperref Info: Link coloring with OCG OFF on input line 6405.
Package hyperref Info: PDF/A mode OFF on input line 6410.
LaTeX Info: Redefining \ref on input line 6450.
LaTeX Info: Redefining \pageref on input line 6454.
\Hy@abspage=\count135
\c@Item=\count136
\c@Hfootnote=\count137
)
Package hyperref Info: Driver (autodetected): hpdftex.
 (/usr/share/texlive/texmf-dist/tex/latex/hyperref/hpdftex.def
File: hpdftex.def 2018/11/30 v6.88e Hyperref driver for pdfTeX
\Fld@listcount=\count138
\c@bookmark@seq@number=\count139
 (/usr/share/texlive/texmf-dist/tex/latex/oberdiek/rerunfilecheck.sty
Package: rerunfilecheck 2016/05/16 v1.8 Rerun checks for auxiliary files (HO)
Package uniquecounter Info: New unique counter `rerunfilecheck' on input line 282.
)
\Hy@SectionHShift=\skip61
)

Package Fancyhdr Warning: \fancyhead's `E' option without twoside option is useless on input line 18.


Package Fancyhdr Warning: \fancyhead's `E' option without twoside option is useless on input line 19.


Package Fancyhdr Warning: \fancyfoot's `E' option without twoside option is useless on input line 20.


Package Fancyhdr Warning: \fancyfoot's `E' option without twoside option is useless on input line 21.

(/usr/share/texlive/texmf-dist/tex/latex/easy/easytable.sty
Document Style `easytable' v1.0 <2001/06/13>.
(/usr/share/texlive/texmf-dist/tex/latex/easy/easy.sty
Document Style `easy' v1.1 <2001/05/31>.
Package: easy 2001/05/31 v1.1
\@easy@level=\count140
\@easy@ncol=\count141
\@easy@nrow=\count142
\@easy@cnt=\count143
\@easy@boxviii=\box33
\@easy@minxviii=\dimen139
\@easy@minyviii=\dimen140
\@easy@maxxviii=\dimen141
\@easy@maxyviii=\dimen142
\@easy@boxvii=\box34
\@easy@minxvii=\dimen143
\@easy@minyvii=\dimen144
\@easy@maxxvii=\dimen145
\@easy@maxyvii=\dimen146
\@easy@boxvi=\box35
\@easy@minxvi=\dimen147
\@easy@minyvi=\dimen148
\@easy@maxxvi=\dimen149
\@easy@maxyvi=\dimen150
\@easy@boxv=\box36
\@easy@minxv=\dimen151
\@easy@minyv=\dimen152
\@easy@maxxv=\dimen153
\@easy@maxyv=\dimen154
\@easy@boxiv=\box37
\@easy@minxiv=\dimen155
\@easy@minyiv=\dimen156
\@easy@maxxiv=\dimen157
\@easy@maxyiv=\dimen158
\@easy@boxiii=\box38
\@easy@minxiii=\dimen159
\@easy@minyiii=\dimen160
\@easy@maxxiii=\dimen161
\@easy@maxyiii=\dimen162
\@easy@boxii=\box39
\@easy@minxii=\dimen163
\@easy@minyii=\dimen164
\@easy@maxxii=\dimen165
\@easy@maxyii=\dimen166
\@easy@boxi=\box40
\@easy@minxi=\dimen167
\@easy@minyi=\dimen168
\@easy@maxxi=\dimen169
\@easy@maxyi=\dimen170
\@easy@hsizexxx=\dimen171
\@easy@vsizexxx=\dimen172
\@easy@hsizexxix=\dimen173
\@easy@vsizexxix=\dimen174
\@easy@hsizexxviii=\dimen175
\@easy@vsizexxviii=\dimen176
\@easy@hsizexxvii=\dimen177
\@easy@vsizexxvii=\dimen178
\@easy@hsizexxvi=\dimen179
\@easy@vsizexxvi=\dimen180
\@easy@hsizexxv=\dimen181
\@easy@vsizexxv=\dimen182
\@easy@hsizexxiv=\dimen183
\@easy@vsizexxiv=\dimen184
\@easy@hsizexxiii=\dimen185
\@easy@vsizexxiii=\dimen186
\@easy@hsizexxii=\dimen187
\@easy@vsizexxii=\dimen188
\@easy@hsizexxi=\dimen189
\@easy@vsizexxi=\dimen190
\@easy@hsizexx=\dimen191
\@easy@vsizexx=\dimen192
\@easy@hsizexix=\dimen193
\@easy@vsizexix=\dimen194
\@easy@hsizexviii=\dimen195
\@easy@vsizexviii=\dimen196
\@easy@hsizexvii=\dimen197
\@easy@vsizexvii=\dimen198
\@easy@hsizexvi=\dimen199
\@easy@vsizexvi=\dimen256
\@easy@hsizexv=\dimen257
\@easy@vsizexv=\dimen258
\@easy@hsizexiv=\dimen259
\@easy@vsizexiv=\dimen260
\@easy@hsizexiii=\dimen261
\@easy@vsizexiii=\dimen262
\@easy@hsizexii=\dimen263
\@easy@vsizexii=\dimen264
\@easy@hsizexi=\dimen265
\@easy@vsizexi=\dimen266
\@easy@hsizex=\dimen267
\@easy@vsizex=\dimen268
\@easy@hsizeix=\dimen269
\@easy@vsizeix=\dimen270
\@easy@hsizeviii=\dimen271
\@easy@vsizeviii=\dimen272
\@easy@hsizevii=\dimen273
\@easy@vsizevii=\dimen274
\@easy@hsizevi=\dimen275
\@easy@vsizevi=\dimen276
\@easy@hsizev=\dimen277
\@easy@vsizev=\dimen278
\@easy@hsizeiv=\dimen279
\@easy@vsizeiv=\dimen280
\@easy@hsizeiii=\dimen281
\@easy@vsizeiii=\dimen282
\@easy@hsizeii=\dimen283
\@easy@vsizeii=\dimen284
\@easy@hsizei=\dimen285
\@easy@vsizei=\dimen286
\@easy@dash@len=\dimen287
\@easy@dash@sep=\dimen288
)
Package: easytable 2001/05/31v1.1
\@tab@size@rule=\dimen289
\@tab@size@dash=\dimen290
) (./rapport.aux)
\openout1 = `rapport.aux'.

LaTeX Font Info:    Checking defaults for OML/cmm/m/it on input line 55.
LaTeX Font Info:    ... okay on input line 55.
LaTeX Font Info:    Checking defaults for T1/cmr/m/n on input line 55.
LaTeX Font Info:    ... okay on input line 55.
LaTeX Font Info:    Checking defaults for OT1/cmr/m/n on input line 55.
LaTeX Font Info:    ... okay on input line 55.
LaTeX Font Info:    Checking defaults for OMS/cmsy/m/n on input line 55.
LaTeX Font Info:    ... okay on input line 55.
LaTeX Font Info:    Checking defaults for OMX/cmex/m/n on input line 55.
LaTeX Font Info:    ... okay on input line 55.
LaTeX Font Info:    Checking defaults for U/cmr/m/n on input line 55.
LaTeX Font Info:    ... okay on input line 55.
LaTeX Font Info:    Checking defaults for PD1/pdf/m/n on input line 55.
LaTeX Font Info:    ... okay on input line 55.
LaTeX Info: Redefining \degres on input line 55.
LaTeX Info: Redefining \dots on input line 55.
LaTeX Info: Redefining \up on input line 55.


Package french.ldf Warning: OT1 encoding should not be used for French.
(french.ldf)                Add \usepackage[T1]{fontenc} to the preamble
(french.ldf)                of your document; reported on input line 55.

(/usr/share/texlive/texmf-dist/tex/context/base/mkii/supp-pdf.mkii
[Loading MPS to PDF converter (version 2006.09.02).]
\scratchcounter=\count144
\scratchdimen=\dimen291
\scratchbox=\box41
\nofMPsegments=\count145
\nofMParguments=\count146
\everyMPshowfont=\toks28
\MPscratchCnt=\count147
\MPscratchDim=\dimen292
\MPnumerator=\count148
\makeMPintoPDFobject=\count149
\everyMPtoPDFconversion=\toks29
) (/usr/share/texlive/texmf-dist/tex/latex/oberdiek/epstopdf-base.sty
Package: epstopdf-base 2016/05/15 v2.6 Base part for package epstopdf
 (/usr/share/texlive/texmf-dist/tex/latex/oberdiek/grfext.sty
Package: grfext 2016/05/16 v1.2 Manage graphics extensions (HO)
)
Package epstopdf-base Info: Redefining graphics rule for `.eps' on input line 438.
Package grfext Info: Graphics extension search list:
(grfext)             [.pdf,.png,.jpg,.mps,.jpeg,.jbig2,.jb2,.PDF,.PNG,.JPG,.JPEG,.JBIG2,.JB2,.eps]
(grfext)             \AppendGraphicsExtensions on input line 456.
 (/usr/share/texlive/texmf-dist/tex/latex/latexconfig/epstopdf-sys.cfg
File: epstopdf-sys.cfg 2010/07/13 v1.3 Configuration of (r)epstopdf for TeX Live
))
\c@lstlisting=\count150

*geometry* driver: auto-detecting
*geometry* detected driver: pdftex
*geometry* verbose mode - [ preamble ] result:
* driver: pdftex
* paper: a4paper
* layout: <same size as paper>
* layoutoffset:(h,v)=(0.0pt,0.0pt)
* modes: includehead includefoot 
* h-part:(L,W,R)=(72.2698pt, 452.96826pt, 72.2698pt)
* v-part:(T,H,B)=(72.2698pt, 700.50723pt, 72.2698pt)
* \paperwidth=597.50787pt
* \paperheight=845.04684pt
* \textwidth=452.96826pt
* \textheight=633.50723pt
* \oddsidemargin=-0.00018pt
* \evensidemargin=-0.00018pt
* \topmargin=-0.00018pt
* \headheight=12.0pt
* \headsep=25.0pt
* \topskip=10.0pt
* \footskip=30.0pt
* \marginparwidth=65.0pt
* \marginparsep=11.0pt
* \columnsep=10.0pt
* \skip\footins=9.0pt plus 4.0pt minus 2.0pt
* \hoffset=0.0pt
* \voffset=0.0pt
* \mag=1000
* \@twocolumnfalse
* \@twosidefalse
* \@mparswitchfalse
* \@reversemarginfalse
* (1in=72.27pt=25.4mm, 1cm=28.453pt)

\AtBeginShipoutBox=\box42
Package hyperref Info: Link coloring OFF on input line 55.
(/usr/share/texlive/texmf-dist/tex/latex/hyperref/nameref.sty
Package: nameref 2016/05/21 v2.44 Cross-referencing by name of section
 (/usr/share/texlive/texmf-dist/tex/generic/oberdiek/gettitlestring.sty
Package: gettitlestring 2016/05/16 v1.5 Cleanup title references (HO)
)
\c@section@level=\count151
)
LaTeX Info: Redefining \ref on input line 55.
LaTeX Info: Redefining \pageref on input line 55.
LaTeX Info: Redefining \nameref on input line 55.
 (./rapport.out) (./rapport.out)
\@outlinefile=\write3
\openout3 = `rapport.out'.

LaTeX Font Info:    Try loading font information for U+msa on input line 58.
 (/usr/share/texlive/texmf-dist/tex/latex/amsfonts/umsa.fd
File: umsa.fd 2013/01/14 v3.01 AMS symbols A
)
LaTeX Font Info:    Try loading font information for U+msb on input line 58.
 (/usr/share/texlive/texmf-dist/tex/latex/amsfonts/umsb.fd
File: umsb.fd 2013/01/14 v3.01 AMS symbols B
) (./rapport.toc)
\tf@toc=\write4
\openout4 = `rapport.toc'.

 [1

{/var/lib/texmf/fonts/map/pdftex/updmap/pdftex.map}]
Underfull \hbox (badness 10000) in paragraph at lines 63--65

 []

LaTeX Font Info:    Try loading font information for OMS+cmr on input line 94.
(/usr/share/texlive/texmf-dist/tex/latex/base/omscmr.fd
File: omscmr.fd 2014/09/29 v2.5h Standard LaTeX font definitions
)
LaTeX Font Info:    Font shape `OMS/cmr/m/n' in size <10> not available
(Font)              Font shape `OMS/cmsy/m/n' tried instead on input line 94.

Underfull \hbox (badness 10000) in paragraph at lines 93--98

 []


Underfull \hbox (badness 10000) in paragraph at lines 109--112

 []

[2]
Underfull \hbox (badness 10000) in paragraph at lines 113--116

 []


Underfull \hbox (badness 10000) in paragraph at lines 117--130

 []


Underfull \hbox (badness 10000) in paragraph at lines 145--150

 []

(/usr/share/texlive/texmf-dist/tex/latex/listings/lstlang1.sty
File: lstlang1.sty 2018/09/02 1.7 listings language file
) (/usr/share/texlive/texmf-dist/tex/latex/listings/lstmisc.sty
File: lstmisc.sty 2018/09/02 1.7 (Carsten Heinz)
) (../TD2.c
LaTeX Font Info:    Try loading font information for OML+cmr on input line 1.
 (/usr/share/texlive/texmf-dist/tex/latex/base/omlcmr.fd
File: omlcmr.fd 2014/09/29 v2.5h Standard LaTeX font definitions
)
LaTeX Font Info:    Font shape `OML/cmr/m/n' in size <8> not available
(Font)              Font shape `OML/cmm/m/it' tried instead on input line 1.
LaTeX Font Info:    Font shape `OMS/cmr/m/n' in size <8> not available
(Font)              Font shape `OMS/cmsy/m/n' tried instead on input line 7.
 [3] [4] [5] [6] [7] [8] [9] [10])
Package atveryend Info: Empty hook `BeforeClearDocument' on input line 161.
 [11]
Package atveryend Info: Empty hook `AfterLastShipout' on input line 161.
 (./rapport.aux)
Package atveryend Info: Executing hook `AtVeryEndDocument' on input line 161.
Package atveryend Info: Executing hook `AtEndAfterFileList' on input line 161.
Package rerunfilecheck Info: File `rapport.out' has not changed.
(rerunfilecheck)             Checksum: 7FECC6DFD9C05F0C7B204C5F2984D8E1;406.
Package atveryend Info: Empty hook `AtVeryVeryEnd' on input line 161.
 ) 
Here is how much of TeX's memory you used:
 11289 strings out of 492615
 159711 string characters out of 6131390
 675988 words of memory out of 5000000
 14517 multiletter control sequences out of 15000+600000
 11503 words of font info for 45 fonts, out of 8000000 for 9000
 1141 hyphenation exceptions out of 8191
 36i,13n,59p,330b,2006s stack positions out of 5000i,500n,10000p,200000b,80000s
</usr/share/texlive/texmf-dist/fonts/type1/public/amsfonts/cm/cmbx10.pfb></usr/share/texlive/texmf-dist/fonts/type1/public/amsfonts/cm/cmbx12.pfb></usr/share/texlive/texmf-dist/fonts/type1/public/amsfonts/cm/cmex10.pfb></usr/share/texlive/texmf-dist/fonts/type1/public/amsfonts/cm/cmmi10.pfb></usr/share/texlive/texmf-dist/fonts/type1/public/amsfonts/cm/cmmi7.pfb></usr/share/texlive/texmf-dist/fonts/type1/public/amsfonts/cm/cmmi8.pfb></usr/share/texlive/texmf-dist/fonts/type1/public/amsfonts/cm/cmr10.pfb></usr/share/texlive/texmf-dist/fonts/type1/public/amsfonts/cm/cmr12.pfb></usr/share/texlive/texmf-dist/fonts/type1/public/amsfonts/cm/cmr17.pfb></usr/share/texlive/texmf-dist/fonts/type1/public/amsfonts/cm/cmr5.pfb></usr/share/texlive/texmf-dist/fonts/type1/public/amsfonts/cm/cmr8.pfb></usr/share/texlive/texmf-dist/fonts/type1/public/amsfonts/cm/cmsy10.pfb></usr/share/texlive/texmf-dist/fonts/type1/public/amsfonts/cm/cmsy7.pfb></usr/share/texlive/texmf-dist/fonts/type1/public/amsfonts/cm/cmsy8.pfb>
Output written on rapport.pdf (11 pages, 206629 bytes).
PDF statistics:
 782 PDF objects out of 1000 (max. 8388607)
 747 compressed objects within 8 object streams
 535 named destinations out of 1000 (max. 500000)
 65 words of extra memory for PDF output out of 10000 (max. 10000000)

